obj_prt Generated from M:\Constructor\HUC8_models\models\02080206.accdb Time: 2/13/2025 4:32:55 PM
          ID  OBJ_TYP  OBJ_TYP_NO  HYD_TYP              FILENAME
           1      out           1      tot  020802060101_con.out
           2      out           2      tot  020802060102_con.out
           3      out           3      tot  020802060103_con.out
           4      out           4      tot  020802060104_con.out
           5      out           5      tot  020802060105_con.out
           6      out           6      tot  020802060106_con.out
           7      out           7      tot  020802060201_con.out
           8      out           8      tot  020802060202_con.out
           9      out           9      tot  020802060203_con.out
          10      out          10      tot  020802060204_con.out
          11      out          11      tot  020802060205_con.out
          12      out          12      tot  020802060301_con.out
          13      out          13      tot  020802060302_con.out
          14      out          14      tot  020802060303_con.out
          15      out          15      tot  020802060304_con.out
          16      out          16      tot  020802060401_con.out
          17      out          17      tot  020802060402_con.out
          18      out          18      tot  020802060403_con.out
          19      out          19      tot  020802060501_con.out
          20      out          20      tot  020802060502_con.out
          21      out          21      tot  020802060503_con.out
          22      out          22      tot  020802060504_con.out
          23      out          23      tot  020802060505_con.out
          24      out          24      tot  020802060506_con.out
          25      out          25      tot  020802060601_con.out
          26      out          26      tot  020802060602_con.out
          27      out          27      tot  020802060603_con.out
          28      out          28      tot  020802060604_con.out
          29      out          29      tot  020802060605_con.out
          30      out          30      tot  020802060701_con.out
          31      out          31      tot  020802060702_con.out
          32      out          32      tot  020802060703_con.out
          33      out          33      tot  020802060704_con.out
          34      out          34      tot  020802060801_con.out
          35      out          35      tot  020802060802_con.out
          36      out          36      tot  020802060803_con.out
          37      out          37      tot  020802060804_con.out
          38      out          38      tot  020802060901_con.out
          39      out          39      tot  020802060902_con.out
          40      out          40      tot  020802060903_con.out
          41      out          41      tot  020802060904_con.out
          42      out          42      tot  020802060905_con.out
          43      out          43      tot  020802060906_con.out
          44      sdc         914      tot    comid_10061289.out
          45      sdc         979      tot    comid_10061377.out
          46      sdc        2154      tot    comid_10063821.out
          47      sdc          83      tot    comid_10066015.out
          48      sdc         123      tot    comid_10067059.out
          49      sdc        1434      tot    comid_10067073.out
