 files_out.out - OUTPUT FILES WRITTEN
 CHK                       checker.out
 HRU                       hru_wb_yr.txt
 HRU                       hru_wb_yr.csv
 HRU                       hru_wb_aa.txt
 HRU                       hru_wb_aa.csv
 HRU                       hru_ncycle_yr.txt
 HRU                       hru_ncycle_yr.csv
 HRU                       hru_ncycle_aa.txt
 HRU                       hru_ncycle_aa.csv
 HRU                       hru_nb_yr.txt
 HRU                       hru_nb_yr.csv
 HRU                       hru_nb_aa.txt
 HRU                       hru_nb_aa.csv
 HRU                       hru_soilcarb_yr.txt
 HRU                       hru_soilcarb_yr.csv
 HRU                       hru_soilcarb_aa.txt
 HRU                       hru_soilcarb_aa.csv
 HRU                       hru_rescarb_yr.txt
 HRU                       hru_rescarb_yr.csv
 HRU                       hru_rescarb_aa.txt
 HRU                       hru_rescarb_aa.csv
 HRU                       hru_plcarb_yr.txt
 HRU                       hru_plcarb_yr.csv
 HRU                       hru_plcarb_aa.txt
 HRU                       hru_plcarb_aa.csv
 HRU                       hru_scf_yr.txt
 HRU                       hru_scf_yr.csv
 HRU                       hru_scf_aa.txt
 HRU                       hru_scf_aa.csv
 BASIN                     basin_carbon_all.txt
 HRU                       hru_nut_carb_gl_yr.txt
 HRU                       hru_nut_carb_gl_yr.csv
 HRU                       hru_nut_carb_gl_aa.txt
 HRU                       hru_nut_carb_gl_aa.csv
 HRU                       hru_ls_yr.txt
 HRU                       hru_ls_yr.csv
 HRU                       hru_ls_aa.txt
 HRU                       hru_ls_aa.csv
 HRU                       hru_pw_yr.txt
 HRU                       hru_pw_yr.csv
 HRU                       hru_pw_aa.txt
 HRU                       hru_pw_aa.csv
 CROP                      crop_yld_yr.txt
 CROP                      crop_yld_yr.csv
 CROP                      crop_yld_aa.txt
 CROP                      crop_yld_aa.csv
 SWAT-DEG_CHANNEL          channel_sd_day.txt
 SWAT-DEG_CHANNEL          channel_sd_day.csv
 DTBL                      lu_change_out.txt
 BASIN_CROP_YLD            basin_crop_yld_yr.txt
 BASIN_CROP_YLD            basin_crop_yld_aa.txt
 HRU_ORGC                  hru_orgc.txt
