 DIAGNOSTICS.OUT FILE
 2127877                                 sparse                                   not found in cntable.lum
 2135341                                 sparse                                   not found in cntable.lum
 2139182                                 sparse                                   not found in cntable.lum
 2147677                                 sparse                                   not found in cntable.lum
 2160416                                 sparse                                   not found in cntable.lum
 2167643                                 sparse                                   not found in cntable.lum
 2173246                                 sparse                                   not found in cntable.lum
 2179349                                 sparse                                   not found in cntable.lum
 2183946                                 sparse                                   not found in cntable.lum
 2188137                                 sparse                                   not found in cntable.lum
 2209604                                 sparse                                   not found in cntable.lum
 2213643                                 sparse                                   not found in cntable.lum
 2219409                                 sparse                                   not found in cntable.lum
 2224014                                 sparse                                   not found in cntable.lum
 2236411                                 sparse                                   not found in cntable.lum
 2243411                                 sparse                                   not found in cntable.lum
 2243415                                 rnge_cmz_02__dry_100032                  not found in plant.ini
 2243415                                 past_p                                   not found in management.sch
 2243415                                 up_down_slope                            not found in cntable.lum
 2243415                                 grwway_high                              not found (landuse-fstrip)
 2243415                                 2243416                                  not found (landuse-bmpuser)
 2279008                                 sparse                                   not found in cntable.lum
 2286262                                 sparse                                   not found in cntable.lum
 2292519                                 sparse                                   not found in cntable.lum
 2296787                                 sparse                                   not found in cntable.lum
 2326081                                 sparse                                   not found in cntable.lum
 2330230                                 rnge_cmz_02__dry_100032                  not found in plant.ini
 2330230                                 past_p                                   not found in management.sch
 2330230                                 up_down_slope                            not found in cntable.lum
 2330230                                 2330231                                  not found (landuse-bmpuser)
 2359914                                 sparse                                   not found in cntable.lum
 2373892                                 sparse                                   not found in cntable.lum
 2391902                                 rnge_cmz_02__dry_100032                  not found in plant.ini
 2391902                                 past_p                                   not found in management.sch
 2391902                                 up_down_slope                            not found in cntable.lum
 2391902                                 2391903                                  not found (landuse-bmpuser)
 2391911                                 sparse                                   not found in cntable.lum
 2421114                                 sparse                                   not found in cntable.lum
 2426127                                 sparse                                   not found in cntable.lum
 2432495                                 sparse                                   not found in cntable.lum
                                                                                  not found in plant.ini
                                                                                  not found in management.sch
                                                                                  not found in cntable.lum
                                                                                  not found (landuse-consprac)
                                                                                  not found (landuse-tiledr)
                                                                                  not found (landuse-septic)
                                                                                  not found (landuse-fstrip)
                                                                                  not found (landuse-grassww)
                                                                                  not found (landuse-bmpuser)
                                                                                  not found in plant.ini
                                                                                  not found in management.sch
                                                                                  not found in cntable.lum
                                                                                  not found (landuse-consprac)
                                                                                  not found (landuse-tiledr)
                                                                                  not found (landuse-septic)
                                                                                  not found (landuse-fstrip)
                                                                                  not found (landuse-grassww)
                                                                                  not found (landuse-bmpuser)
                                                                                  not found in plant.ini
                                                                                  not found in management.sch
                                                                                  not found in cntable.lum
                                                                                  not found (landuse-consprac)
                                                                                  not found (landuse-tiledr)
                                                                                  not found (landuse-septic)
                                                                                  not found (landuse-fstrip)
                                                                                  not found (landuse-grassww)
                                                                                  not found (landuse-bmpuser)
 sim                                               file not found (petgage)
 sim                                               file not found (petgage)
 sim                                               file not found (petgage)
 sim                                               file not found (petgage)
 sim                                               file not found (petgage)
 sim                                               file not found (petgage)
 sim                                               file not found (petgage)
 sim                                               file not found (petgage)
 sim                                               file not found (petgage)
 sim                                               file not found (petgage)
 sim                                               file not found (petgage)
 sim                                               file not found (petgage)
 sim                                               file not found (petgage)
 sim                                               file not found (petgage)
 sim                                               file not found (petgage)
 sim                                               file not found (petgage)
 sim                                               file not found (petgage)
 sim                                               file not found (petgage)
 sim                                               file not found (petgage)
 sim                                               file not found (petgage)
 sim                                               file not found (petgage)
 sim                                               file not found (petgage)
 sim                                               file not found (petgage)
 sim                                               file not found (petgage)
 sim                                               file not found (petgage)
 sim                                               file not found (petgage)
 sim                                               file not found (petgage)
 sim                                               file not found (petgage)
 sim                                               file not found (petgage)
 sim                                               file not found (petgage)
 sim                                               file not found (petgage)
 sim                                               file not found (petgage)
 sim                                               file not found (petgage)
 sim                                               file not found (petgage)
 sim                                               file not found (petgage)
 sim                                               file not found (petgage)
 sim                                               file not found (petgage)
 sim                                               file not found (petgage)
 sim                                               file not found (petgage)
 sim                                               file not found (petgage)
 sim                                               file not found (petgage)
 sim                                               file not found (petgage)
 sim                                               file not found (petgage)
 sim                                               file not found (petgage)
 sim                                               file not found (petgage)
 sim                                               file not found (petgage)
 sim                                               file not found (petgage)
 sim                                               file not found (petgage)
 sim                                               file not found (petgage)
 sim                                               file not found (petgage)
 sim                                               file not found (petgage)
 sim                                               file not found (petgage)
 sim                                               file not found (petgage)
 sim                                               file not found (petgage)
 sim                                               file not found (petgage)
 sim                                               file not found (petgage)
 file not found (basins_carbon.tes)
