obj_prt Generated from M:\Constructor\HUC8_models\models\07010101.accdb Time: 2/13/2025 7:44:00 PM
          ID  OBJ_TYP  OBJ_TYP_NO  HYD_TYP                 FILENAME
           1      out           1      tot     070101010101_con.out
           2      out           2      tot     070101010102_con.out
           3      out           3      tot     070101010103_con.out
           4      out           4      tot     070101010104_con.out
           5      out           5      tot     070101010201_con.out
           6      out           6      tot     070101010202_con.out
           7      out           7      tot     070101010203_con.out
           8      out           8      tot     070101010204_con.out
           9      out           9      tot     070101010205_con.out
          10      out          10      tot     070101010206_con.out
          11      out          11      tot     070101010207_con.out
          12      out          12      tot     070101010301_con.out
          13      out          13      tot     070101010302_con.out
          14      out          14      tot     070101010303_con.out
          15      out          15      tot     070101010304_con.out
          16      out          16      tot     070101010305_con.out
          17      out          17      tot     070101010306_con.out
          18      out          18      tot     070101010401_con.out
          19      out          19      tot     070101010402_con.out
          20      out          20      tot     070101010403_con.out
          21      out          21      tot     070101010404_con.out
          22      out          22      tot     070101010405_con.out
          23      out          23      tot     070101010406_con.out
          24      out          24      tot     070101010407_con.out
          25      out          25      tot     070101010408_con.out
          26      out          26      tot     070101010409_con.out
          27      out          27      tot     070101010410_con.out
          28      out          28      tot     070101010411_con.out
          29      out          29      tot     070101010501_con.out
          30      out          30      tot     070101010502_con.out
          31      out          31      tot     070101010503_con.out
          32      out          32      tot     070101010504_con.out
          33      out          33      tot     070101010505_con.out
          34      out          34      tot     070101010506_con.out
          35      out          35      tot     070101010507_con.out
          36      out          36      tot     070101010508_con.out
          37      out          37      tot     070101010601_con.out
          38      out          38      tot     070101010602_con.out
          39      out          39      tot     070101010603_con.out
          40      out          40      tot     070101010604_con.out
          41      out          41      tot     070101010701_con.out
          42      out          42      tot     070101010702_con.out
          43      out          43      tot     070101010703_con.out
          44      out          44      tot     070101010704_con.out
          45      out          45      tot     070101010801_con.out
          46      out          46      tot     070101010802_con.out
          47      out          47      tot     070101010803_con.out
          48      out          48      tot     070101010901_con.out
          49      out          49      tot     070101010902_con.out
          50      out          50      tot     070101010903_con.out
          51      out          51      tot     070101010904_con.out
          52      out          52      tot     070101010905_con.out
          53      out          53      tot     070101010906_con.out
          54      out          54      tot     070101010907_con.out
          55      out          55      tot     070101010908_con.out
          56      out          56      tot     070101010909_con.out
          57      sdc         270      tot       comid_22327713.out
          58      sdc         199      tot       comid_22327901.out
          59      sdc         458      tot       comid_22327995.out
          60      sdc         554      tot  fish_comid_22323109.out
          61      sdc         590      tot  fish_comid_22323163.out
          62      sdc         392      tot  fish_comid_22323185.out
          63      sdc         669      tot  fish_comid_22323187.out
          64      sdc          18      tot  fish_comid_22323979.out
          65      sdc         836      tot  fish_comid_22325781.out
          66      sdc         809      tot  fish_comid_22325789.out
          67      sdc         734      tot  fish_comid_22326215.out
          68      sdc         861      tot  fish_comid_22326307.out
          69      sdc        1013      tot  fish_comid_22326363.out
          70      sdc         862      tot  fish_comid_22326375.out
          71      sdc          38      tot  fish_comid_22327673.out
          72      sdc         243      tot  fish_comid_22327919.out
          73      sdc         531      tot  fish_comid_22328045.out
          74      sdc          64      tot  fish_comid_22329241.out
          75      sdc         151      tot  fish_comid_22329411.out
          76      sdc          89      tot  fish_comid_22329455.out
          77      sdc         205      tot  fish_comid_22329459.out
