print.prt: written by SWAT+ editor v3.0.8 on 2025-11-17 21:10 for SWAT+ rev.61.0.1
nyskip      day_start  yrc_start  day_end   yrc_end   interval  
3           0         0         0         0         1         
aa_int_cnt  
0           
csvout        dbout         cdfout        
y             n             n             
crop_yld      mgtout        hydcon        fdcout        
b             n             n             n             
objects                  daily       monthly        yearly         avann  
basin_wb                     n             n             n             n  
basin_nb                     n             n             n             n  
basin_ls                     n             n             n             n  
basin_pw                     n             n             n             n  
basin_aqu                    n             n             n             n  
basin_res                    n             n             n             n  
basin_cha                    n             n             n             n  
basin_sd_cha                 n             n             n             n  
basin_psc                    n             n             n             n  
region_wb                    n             n             n             n  
region_nb                    n             n             n             n  
region_ls                    n             n             n             n  
region_pw                    n             n             n             n  
region_aqu                   n             n             n             n  
region_res                   n             n             n             n  
region_sd_cha                n             n             n             n  
region_psc                   n             n             n             n  
water_allo                   n             n             n             n  
lsunit_wb                    n             n             n             n  
lsunit_nb                    n             n             n             n  
lsunit_ls                    n             n             n             n  
lsunit_pw                    n             n             n             n  
hru_wb                       n             n             y             y  
hru_nb                       n             n             y             y  
hru_ls                       n             n             y             y  
hru_pw                       n             n             y             y  
hru-lte_wb                   n             n             n             n  
hru-lte_nb                   n             n             n             n  
hru-lte_ls                   n             n             n             n  
hru-lte_pw                   n             n             n             n  
channel                      n             n             n             n  
channel_sd                   n             n             n             n  
aquifer                      n             n             n             n  
reservoir                    n             n             n             n  
recall                       n             n             n             n  
hyd                          n             n             n             n  
ru                           n             n             n             n  
pest                         n             n             n             n  
basin_salt                   n             n             n             n  
hru_salt                     n             n             n             n  
ru_salt                      n             n             n             n  
aqu_salt                     n             n             n             n  
channel_salt                 n             n             n             n  
res_salt                     n             n             n             n  
wetland_salt                 n             n             n             n  
basin_cs                     n             n             n             n  
hru_cs                       n             n             n             n  
ru_cs                        n             n             n             n  
aqu_cs                       n             n             n             n  
channel_cs                   n             n             n             n  
res_cs                       n             n             n             n  
wetland_cs                   n             n             n             n  
basin_salt                   n             n             n             n  
hru_salt                     n             n             n             n  
ru_salt                      n             n             n             n  
aqu_salt                     n             n             n             n  
channel_salt                 n             n             n             n  
res_salt                     n             n             n             n  
wetland_salt                 n             n             n             n  
basin_cs                     n             n             n             n  
hru_cs                       n             n             n             n  
ru_cs                        n             n             n             n  
aqu_cs                       n             n             n             n  
channel_cs                   n             n             n             n  
res_cs                       n             n             n             n  
wetland_cs                   n             n             n             n  
basin_salt                   n             n             n             n  
hru_salt                     n             n             n             n  
ru_salt                      n             n             n             n  
aqu_salt                     n             n             n             n  
channel_salt                 n             n             n             n  
res_salt                     n             n             n             n  
wetland_salt                 n             n             n             n  
basin_cs                     n             n             n             n  
hru_cs                       n             n             n             n  
ru_cs                        n             n             n             n  
aqu_cs                       n             n             n             n  
channel_cs                   n             n             n             n  
res_cs                       n             n             n             n  
wetland_cs                   n             n             n             n  
